<?xml version="1.0" encoding="UTF-8"?>
<!-- Generated by org.testng.reporters.JUnitXMLReporter -->
<testsuite ignored="0" hostname="QA_Sumit_Patil" failures="0" tests="2" name="Test" time="0.091" errors="0" timestamp="2022-11-14T16:11:05 IST">
  <testcase classname="testClass.TestngOfcheckin_Checkout" name="@BeforeTest launchbrowser" time="-1.668422465573E9">
    <failure type="org.testng.TestNGException" message="
Parameter &amp;apos;browserName&amp;apos; is required by BeforeTest on method launchbrowser but has not been marked @Optional or defined
in C:\Users\Sumit Patil\eclipse-workspace\SeleniumTesting\testng.xml">
      <![CDATA[org.testng.TestNGException: 
Parameter 'browserName' is required by BeforeTest on method launchbrowser but has not been marked @Optional or defined
in C:\Users\Sumit Patil\eclipse-workspace\SeleniumTesting\testng.xml
... Removed 21 stack frames]]>
    </failure>
  </testcase> <!-- @BeforeTest launchbrowser -->
  <testcase classname="testClass.prefme" name="@BeforeTest launchbrowser" time="0.0">
    <skipped/>
  </testcase> <!-- @BeforeTest launchbrowser -->
  <testcase classname="testClass.prefme" name="@BeforeClass createpomobject" time="0.0">
    <skipped/>
  </testcase> <!-- @BeforeClass createpomobject -->
  <testcase classname="testClass.prefme" name="@BeforeMethod logintoApplication" time="0.0">
    <skipped/>
  </testcase> <!-- @BeforeMethod logintoApplication -->
  <testcase classname="testClass.prefme" name="@AfterMethod logoutApplication" time="0.0">
    <skipped/>
  </testcase> <!-- @AfterMethod logoutApplication -->
  <testcase classname="testClass.prefme" name="@AfterClass clearObject" time="0.0">
    <skipped/>
  </testcase> <!-- @AfterClass clearObject -->
  <testcase classname="testClass.TestngOfcheckin_Checkout" name="@BeforeClass createpomobject" time="0.0">
    <skipped/>
  </testcase> <!-- @BeforeClass createpomobject -->
  <testcase classname="testClass.TestngOfcheckin_Checkout" name="@BeforeMethod logintoApplication" time="0.0">
    <skipped/>
  </testcase> <!-- @BeforeMethod logintoApplication -->
  <testcase classname="testClass.TestngOfcheckin_Checkout" name="@AfterMethod logoutApplication" time="0.0">
    <skipped/>
  </testcase> <!-- @AfterMethod logoutApplication -->
  <testcase classname="testClass.TestngOfcheckin_Checkout" name="@AfterClass clearObject" time="0.0">
    <skipped/>
  </testcase> <!-- @AfterClass clearObject -->
  <testcase classname="testClass.TestngOfcheckin_Checkout" name="@AfterTest closeBrowser" time="0.0">
    <skipped/>
  </testcase> <!-- @AfterTest closeBrowser -->
  <testcase classname="testClass.prefme" name="@AfterTest closeBrowser" time="0.0">
    <skipped/>
  </testcase> <!-- @AfterTest closeBrowser -->
  <testcase classname="testClass.prefme" name="verifyCheckinAndCheckOut" time="0.0">
    <skipped/>
  </testcase> <!-- verifyCheckinAndCheckOut -->
  <testcase classname="testClass.TestngOfcheckin_Checkout" name="verifyCheckinAndCheckOut" time="0.001">
    <skipped/>
  </testcase> <!-- verifyCheckinAndCheckOut -->
</testsuite> <!-- Test -->
